<?xml version="1.0" encoding="UTF-8"?>
<!-- Generated by org.testng.reporters.JUnitXMLReporter -->
<testsuite hostname="Aishwarya-PC" ignored="0" name="my test" tests="3" failures="1" timestamp="19 Aug 2009 18:43:50 GMT" time="0.185" errors="0">
  <testcase name="m2" time="0.02" classname="May14.Test1">
    <failure type="java.lang.ArithmeticException" message="/ by zero">
      <![CDATA[java.lang.ArithmeticException: / by zero
	at May14.Test1.m2(Test1.java:16)
... Removed 25 stack frames]]>
    </failure>
  </testcase> <!-- m2 -->
  <testcase name="m3" time="0.001" classname="May14.Test1"/>
  <testcase name="m1" time="0.001" classname="May14.Test1"/>
</testsuite> <!-- my test -->
